app/manifest-merger-release-report.txt
-- Merging decision tree log ---
manifest
ADDED from AndroidManifest.xml:2:1
	xmlns:android
		ADDED from AndroidManifest.xml:2:11
	package
		ADDED from AndroidManifest.xml:3:5
		INJECTED from AndroidManifest.xml:0:0
		INJECTED from AndroidManifest.xml:0:0
	android:versionName
		ADDED from AndroidManifest.xml:5:5
	android:versionCode
		ADDED from AndroidManifest.xml:4:5
		INJECTED from AndroidManifest.xml:0:0
		INJECTED from AndroidManifest.xml:0:0
uses-permission#android.permission.INTERNET
ADDED from AndroidManifest.xml:7:5
MERGED from com.crashlytics.sdk.android:crashlytics:2.2.1:9:5
	android:name
		ADDED from AndroidManifest.xml:7:22
uses-permission#android.permission.ACCESS_NETWORK_STATE
ADDED from AndroidManifest.xml:8:5
	android:name
		ADDED from AndroidManifest.xml:8:22
uses-permission#android.permission.WRITE_EXTERNAL_STORAGE
ADDED from AndroidManifest.xml:9:5
	android:name
		ADDED from AndroidManifest.xml:9:22
uses-permission#android.permission.READ_EXTERNAL_STORAGE
ADDED from AndroidManifest.xml:10:5
	android:name
		ADDED from AndroidManifest.xml:10:22
uses-permission#com.google.android.psf.perroviders.gmission.READ_GSERVICES
ADDED from AndroidManifest.xml:12:5
	android:name
		ADDED from AndroidManifest.xml:12:22
uses-permission#com.google.android.c2dm.permission.RECEIVE
ADDED from AndroidManifest.xml:13:5
	android:name
		ADDED from AndroidManifest.xml:13:22
uses-permission#android.permission.GET_ACCOUNTS
ADDED from AndroidManifest.xml:15:5
	android:name
		ADDED from AndroidManifest.xml:15:22
uses-permission#android.permission.WAKE_LOCK
ADDED from AndroidManifest.xml:16:5
	android:name
		ADDED from AndroidManifest.xml:16:22
permission#com.mom.app.permission.C2D_MESSAGE
ADDED from AndroidManifest.xml:18:5
	android:protectionLevel
		ADDED from AndroidManifest.xml:19:9
	android:name
		ADDED from AndroidManifest.xml:18:17
uses-permission#com.mom.app.permission.C2D_MESSAGE
ADDED from AndroidManifest.xml:20:5
	android:name
		ADDED from AndroidManifest.xml:20:22
action#android.net.conn.CONNECTIVITY_CHANGE
ADDED from AndroidManifest.xml:22:5
	android:name
		ADDED from AndroidManifest.xml:22:13
application
ADDED from AndroidManifest.xml:25:5
MERGED from com.android.support:support-v4:21.0.0:16:5
MERGED from com.android.support:appcompat-v7:20.0.0:17:5
MERGED from com.android.support:support-v4:21.0.0:16:5
MERGED from com.google.android.gms:play-services:6.5.87:20:5
MERGED from com.android.support:support-v4:21.0.0:16:5
MERGED from com.crashlytics.sdk.android:crashlytics:2.2.1:11:5
MERGED from com.crashlytics.sdk.android:answers:1.1.1:9:5
MERGED from io.fabric.sdk.android:fabric:1.1.1:9:5
MERGED from io.fabric.sdk.android:fabric:1.1.1:9:5
MERGED from com.crashlytics.sdk.android:beta:1.1.1:9:5
MERGED from io.fabric.sdk.android:fabric:1.1.1:9:5
	android:label
		ADDED from AndroidManifest.xml:29:9
	android:allowBackup
		ADDED from AndroidManifest.xml:27:9
	android:icon
		ADDED from AndroidManifest.xml:28:9
	android:theme
		ADDED from AndroidManifest.xml:30:9
	android:name
		ADDED from AndroidManifest.xml:26:9
meta-data#com.google.android.gms.version
ADDED from AndroidManifest.xml:32:9
MERGED from com.google.android.gms:play-services:6.5.87:21:9
	android:name
		ADDED from AndroidManifest.xml:32:20
	android:value
		ADDED from AndroidManifest.xml:33:13
receiver#com.mom.app.gcm.GcmBroadcastReceiver
ADDED from AndroidManifest.xml:35:9
	android:permission
		ADDED from AndroidManifest.xml:37:13
	android:name
		ADDED from AndroidManifest.xml:36:13
intent-filter#com.google.android.c2dm.intent.RECEIVE+com.mom.app
ADDED from AndroidManifest.xml:38:13
action#com.google.android.c2dm.intent.RECEIVE
ADDED from AndroidManifest.xml:39:17
	android:name
		ADDED from AndroidManifest.xml:39:25
category#com.mom.app
ADDED from AndroidManifest.xml:40:17
	android:name
		ADDED from AndroidManifest.xml:40:27
service#com.mom.app.gcm.GcmIntentService
ADDED from AndroidManifest.xml:44:9
	android:name
		ADDED from AndroidManifest.xml:44:18
activity#com.mom.app.activity.BaseActivity
ADDED from AndroidManifest.xml:47:9
	android:windowSoftInputMode
		ADDED from AndroidManifest.xml:48:13
	android:screenOrientation
		ADDED from AndroidManifest.xml:51:13
	android:label
		ADDED from AndroidManifest.xml:52:13
	android:configChanges
		ADDED from AndroidManifest.xml:50:13
	android:name
		ADDED from AndroidManifest.xml:49:13
activity#com.mom.app.activity.LoginActivity
ADDED from AndroidManifest.xml:56:9
	android:windowSoftInputMode
		ADDED from AndroidManifest.xml:60:13
	android:screenOrientation
		ADDED from AndroidManifest.xml:59:13
	android:configChanges
		ADDED from AndroidManifest.xml:58:13
	android:name
		ADDED from AndroidManifest.xml:57:13
intent-filter#android.intent.action.MAIN+android.intent.category.LAUNCHER
ADDED from AndroidManifest.xml:61:13
action#android.intent.action.MAIN
ADDED from AndroidManifest.xml:62:17
	android:name
		ADDED from AndroidManifest.xml:62:25
category#android.intent.category.LAUNCHER
ADDED from AndroidManifest.xml:64:17
	android:name
		ADDED from AndroidManifest.xml:64:27
activity#com.mom.app.MSwipeAndroidSDKListActivity1
ADDED from AndroidManifest.xml:71:9
	android:name
		ADDED from AndroidManifest.xml:71:19
intent-filter#android.intent.action.MAIN
ADDED from AndroidManifest.xml:72:13
activity#com.mom.app.CreditSaleView
ADDED from AndroidManifest.xml:77:9
	android:windowSoftInputMode
		ADDED from AndroidManifest.xml:81:13
	android:label
		ADDED from AndroidManifest.xml:80:13
	android:configChanges
		ADDED from AndroidManifest.xml:79:13
	android:name
		ADDED from AndroidManifest.xml:78:13
activity#com.mom.app.CreditSaleSignatureView
ADDED from AndroidManifest.xml:83:9
	android:screenOrientation
		ADDED from AndroidManifest.xml:86:13
	android:label
		ADDED from AndroidManifest.xml:85:13
	android:name
		ADDED from AndroidManifest.xml:84:13
activity#com.mom.app.CreditSaleViewAmexCard
ADDED from AndroidManifest.xml:88:9
	android:label
		ADDED from AndroidManifest.xml:91:13
	android:configChanges
		ADDED from AndroidManifest.xml:90:13
	android:name
		ADDED from AndroidManifest.xml:89:13
activity#com.mom.app.LastTrxStatus
ADDED from AndroidManifest.xml:93:9
	android:label
		ADDED from AndroidManifest.xml:96:13
	android:configChanges
		ADDED from AndroidManifest.xml:95:13
	android:name
		ADDED from AndroidManifest.xml:94:13
activity#com.mom.app.ChangePassword
ADDED from AndroidManifest.xml:98:9
	android:label
		ADDED from AndroidManifest.xml:101:13
	android:configChanges
		ADDED from AndroidManifest.xml:100:13
	android:name
		ADDED from AndroidManifest.xml:99:13
service#com.mom.app.SwiperCallStateService
ADDED from AndroidManifest.xml:104:9
	android:enabled
		ADDED from AndroidManifest.xml:106:13
	android:name
		ADDED from AndroidManifest.xml:105:13
intent-filter#android.intent.category.DEFAULT+com.bbpos.swiper.CALL_STATE
ADDED from AndroidManifest.xml:107:13
action#com.bbpos.swiper.CALL_STATE
ADDED from AndroidManifest.xml:108:17
	android:name
		ADDED from AndroidManifest.xml:108:25
category#android.intent.category.DEFAULT
ADDED from AndroidManifest.xml:110:17
	android:name
		ADDED from AndroidManifest.xml:110:27
activity#com.mom.app.activity.VerifyTPinActivity
ADDED from AndroidManifest.xml:114:9
	android:label
		ADDED from AndroidManifest.xml:116:13
	android:name
		ADDED from AndroidManifest.xml:115:13
activity#com.mom.app.activity.TransactionMessageActivity
ADDED from AndroidManifest.xml:118:9
	android:label
		ADDED from AndroidManifest.xml:120:13
	android:name
		ADDED from AndroidManifest.xml:119:13
activity#com.mom.app.activity.SignupActivity
ADDED from AndroidManifest.xml:123:9
	android:name
		ADDED from AndroidManifest.xml:124:13
activity#com.mom.app.activity.ChangePINActivity
ADDED from AndroidManifest.xml:127:9
	android:label
		ADDED from AndroidManifest.xml:129:13
	android:name
		ADDED from AndroidManifest.xml:128:13
meta-data#com.crashlytics.ApiKey
ADDED from AndroidManifest.xml:131:9
	android:name
		ADDED from AndroidManifest.xml:132:13
	android:value
		ADDED from AndroidManifest.xml:133:13
uses-permission#android.permission.USE_CREDENTIALS
ADDED from AndroidManifest.xml:141:5
	android:name
		ADDED from AndroidManifest.xml:141:22
uses-permission#android.permission.READ_PROFILE
ADDED from AndroidManifest.xml:147:5
	android:name
		ADDED from AndroidManifest.xml:147:22
uses-sdk
INJECTED from AndroidManifest.xml:0:0 reason: use-sdk injection requested
MERGED from com.android.support:support-v4:21.0.0:15:5
MERGED from com.android.support:appcompat-v7:20.0.0:16:5
MERGED from com.android.support:support-v4:21.0.0:15:5
MERGED from com.google.android.gms:play-services:6.5.87:18:5
MERGED from com.android.support:support-v4:21.0.0:15:5
MERGED from com.crashlytics.sdk.android:crashlytics:2.2.1:7:5
MERGED from com.crashlytics.sdk.android:answers:1.1.1:7:5
MERGED from io.fabric.sdk.android:fabric:1.1.1:7:5
MERGED from io.fabric.sdk.android:fabric:1.1.1:7:5
MERGED from com.crashlytics.sdk.android:beta:1.1.1:7:5
MERGED from io.fabric.sdk.android:fabric:1.1.1:7:5
	android:targetSdkVersion
		INJECTED from AndroidManifest.xml:0:0
		INJECTED from AndroidManifest.xml:0:0
	android:minSdkVersion
		INJECTED from AndroidManifest.xml:0:0
		INJECTED from AndroidManifest.xml:0:0